<?xml version="1.0" encoding="UTF-8"?>
<!-- Generated by org.testng.reporters.JUnitXMLReporter -->
<testsuite hostname="HGCEKQ3.local" ignored="0" name="TC_001_VerifySorting" tests="3" failures="0" timestamp="16 Sep 2020 15:09:13 GMT" time="27.717" errors="0">
  <testcase name="fetchLists" time="16.795" classname="com.jisr.testCases.TC_001_VerifySorting"/>
  <testcase name="sortedMovieLists" time="2.84" classname="com.jisr.testCases.TC_001_VerifySorting"/>
  <testcase name="verifySort" time="1.133" classname="com.jisr.testCases.TC_001_VerifySorting"/>
</testsuite> <!-- TC_001_VerifySorting -->
