<?xml version="1.0" encoding="UTF-8"?>
<testng-results skipped="0" failed="0" ignored="0" total="3" passed="3">
  <reporter-output>
  </reporter-output>
  <suite name="com.jisr" duration-ms="27717" started-at="2020-09-16T15:08:40Z" finished-at="2020-09-16T15:09:08Z">
    <groups>
    </groups>
    <test name="TC_001_VerifySorting" duration-ms="27717" started-at="2020-09-16T15:08:40Z" finished-at="2020-09-16T15:09:08Z">
      <class name="com.jisr.testCases.TC_001_VerifySorting">
        <test-method status="PASS" signature="setup(java.lang.String)[pri:0, instance:com.jisr.testCases.TC_001_VerifySorting@210366b4]" name="setup" is-config="true" duration-ms="6562" started-at="2020-09-16T15:08:40Z" finished-at="2020-09-16T15:08:47Z">
          <params>
            <param index="0">
              <value>
                <![CDATA[chrome]]>
              </value>
            </param>
          </params>
          <reporter-output>
          </reporter-output>
        </test-method> <!-- setup -->
        <test-method status="PASS" signature="fetchLists()[pri:0, instance:com.jisr.testCases.TC_001_VerifySorting@210366b4]" name="fetchLists" duration-ms="16795" started-at="2020-09-16T15:08:47Z" finished-at="2020-09-16T15:09:04Z">
          <reporter-output>
          </reporter-output>
        </test-method> <!-- fetchLists -->
        <test-method status="PASS" signature="sortedMovieLists()[pri:0, instance:com.jisr.testCases.TC_001_VerifySorting@210366b4]" name="sortedMovieLists" duration-ms="2840" started-at="2020-09-16T15:09:04Z" finished-at="2020-09-16T15:09:06Z">
          <reporter-output>
          </reporter-output>
        </test-method> <!-- sortedMovieLists -->
        <test-method status="PASS" signature="verifySort()[pri:0, instance:com.jisr.testCases.TC_001_VerifySorting@210366b4]" name="verifySort" duration-ms="1133" started-at="2020-09-16T15:09:06Z" finished-at="2020-09-16T15:09:08Z">
          <reporter-output>
          </reporter-output>
        </test-method> <!-- verifySort -->
        <test-method status="PASS" signature="tearDown()[pri:0, instance:com.jisr.testCases.TC_001_VerifySorting@210366b4]" name="tearDown" is-config="true" duration-ms="357" started-at="2020-09-16T15:09:08Z" finished-at="2020-09-16T15:09:08Z">
          <reporter-output>
          </reporter-output>
        </test-method> <!-- tearDown -->
      </class> <!-- com.jisr.testCases.TC_001_VerifySorting -->
    </test> <!-- TC_001_VerifySorting -->
  </suite> <!-- com.jisr -->
</testng-results>
